
Python version 1.0, VM version Intel x86 on 22 MAY 00 01:49:42 am.
Compiling: /home/dan/src/telent/cliki/view.lisp 22 MAY 00 01:31:50 am

Converted CLIKI-VIEW-HANDLER.
Compiling DEFUN CLIKI-VIEW-HANDLER: 
Converted WRITE-STREAM-TO-CLIENT.
Compiling DEFUN WRITE-STREAM-TO-CLIENT: 
Byte Compiling Top-Level Form: 
Compiling Creation Form for #<KERNEL::CLASS-CELL STREAM>: 

Warning: Ignoring unmatched close parenthesis at file position 1290.

Converted WRITE-SEARCH-RESULT.
Compiling DEFUN WRITE-SEARCH-RESULT: 

File: /home/dan/src/telent/cliki/view.lisp

In: DEFUN WRITE-SEARCH-RESULT
  (DEFUN WRITE-SEARCH-RESULT (STRING STREAM)
    (FORMAT STREAM "Sorry, searching is not yet implemented"))
Warning: Variable STRING defined but never used.

Converted STRIP-OUTER-PARENS.
Compiling DEFUN STRIP-OUTER-PARENS: 
Converted WRITE-A-HREF.
Compiling DEFUN WRITE-A-HREF: 

Warning: Ignoring unmatched close parenthesis at file position 1640.

Converted WRITE-CODE.
Compiling DEFUN WRITE-CODE: 
Converted READ-MATCHED-PARENS.
Compiling DEFUN READ-MATCHED-PARENS: 
Converted READ-UNTIL-CHAR.
Compiling DEFUN READ-UNTIL-CHAR: 
Byte Compiling Top-Level Form: 

File: /home/dan/src/telent/cliki/view.lisp

In: DEFUN WRITE-STREAM-TO-CLIENT
  (READ-CHAR IN-STREAM NIL EOF)
--> BLOCK LET COMMON-LISP::IN-SYNONYM-OF LET COND IF COND IF COND IF PROGN 
--> UNLESS COND IF PROGN ERROR 
==>
  (#:G10)
Warning: Undefined function: #:G10


In: DEFUN READ-UNTIL-CHAR
  (READ-CHAR STREAM NIL EOF)
--> BLOCK LET COMMON-LISP::IN-SYNONYM-OF LET COND IF COND IF COND IF PROGN 
--> UNLESS COND IF PROGN ERROR 
==>
  (#:G16)
Warning: Undefined function: #:G16


In: DEFUN READ-MATCHED-PARENS
  (READ-CHAR STREAM NIL EOF)
--> BLOCK LET COMMON-LISP::IN-SYNONYM-OF LET COND IF COND IF COND IF PROGN 
--> UNLESS COND IF PROGN ERROR 
==>
  (#:G16)
Warning: Undefined function: #:G16


In: DEFUN READ-UNTIL-CHAR
  (READ-CHAR STREAM NIL EOF)
--> BLOCK LET IF LET 
==>
  (EXTENSIONS:STREAM-READ-CHAR STREAM)
Warning: Undefined function: EXTENSIONS:STREAM-READ-CHAR


In: DEFUN READ-MATCHED-PARENS
  (READ-CHAR STREAM NIL EOF)
--> BLOCK LET IF LET 
==>
  (EXTENSIONS:STREAM-READ-CHAR STREAM)
Warning: Undefined function: EXTENSIONS:STREAM-READ-CHAR


In: DEFUN WRITE-STREAM-TO-CLIENT
  (READ-CHAR IN-STREAM NIL EOF)
--> BLOCK LET IF LET 
==>
  (EXTENSIONS:STREAM-READ-CHAR STREAM)
Warning: Undefined function: EXTENSIONS:STREAM-READ-CHAR


Warning: These functions are undefined:
  #:G10 #:G16 #:G16 EXTENSIONS:STREAM-READ-CHAR


Compilation unit finished.
  10 warnings


/home/dan/src/telent/cliki/view.x86f written.
Compilation finished in 0:00:02.
